<?xml version="1.0" encoding="utf-8"?><testsuites name="pytest tests"><testsuite name="pytest" errors="0" failures="0" skipped="0" tests="33" time="3.152" timestamp="2026-03-30T12:34:39.429319+00:00" hostname="agent-env-8331e9a9-23e3-4771-b508-a2cfbb8242f3"><testcase classname="backend.tests.test_admin_panel.TestAdminAuth" name="test_admin_login_returns_admin_role" time="0.460" /><testcase classname="backend.tests.test_admin_panel.TestAdminAuth" name="test_normal_user_login_returns_user_role" time="0.373" /><testcase classname="backend.tests.test_admin_panel.TestAdminStats" name="test_admin_stats_returns_all_fields" time="0.322" /><testcase classname="backend.tests.test_admin_panel.TestAdminStats" name="test_admin_stats_requires_auth" time="0.046" /><testcase classname="backend.tests.test_admin_panel.TestAdminStats" name="test_admin_stats_denies_non_admin" time="0.048" /><testcase classname="backend.tests.test_admin_panel.TestAdminCustomers" name="test_admin_customers_returns_list" time="0.068" /><testcase classname="backend.tests.test_admin_panel.TestAdminCustomers" name="test_admin_customers_search_filter" time="0.058" /><testcase classname="backend.tests.test_admin_panel.TestAdminCustomers" name="test_admin_customers_paid_filter" time="0.055" /><testcase classname="backend.tests.test_admin_panel.TestAdminCustomers" name="test_admin_customers_free_filter" time="0.069" /><testcase classname="backend.tests.test_admin_panel.TestAdminCustomers" name="test_admin_customers_today_filter" time="0.057" /><testcase classname="backend.tests.test_admin_panel.TestAdminCustomers" name="test_admin_customers_denies_non_admin" time="0.047" /><testcase classname="backend.tests.test_admin_panel.TestAdminGrantAccess" name="test_admin_grant_access_success" time="0.098" /><testcase classname="backend.tests.test_admin_panel.TestAdminGrantAccess" name="test_admin_grant_access_invalid_product" time="0.065" /><testcase classname="backend.tests.test_admin_panel.TestAdminGrantAccess" name="test_admin_grant_access_invalid_user" time="0.074" /><testcase classname="backend.tests.test_admin_panel.TestAdminGrantAccess" name="test_admin_grant_access_denies_non_admin" time="0.053" /><testcase classname="backend.tests.test_admin_panel.TestAdminPayments" name="test_admin_payments_returns_list" time="0.054" /><testcase classname="backend.tests.test_admin_panel.TestAdminPayments" name="test_admin_payments_success_filter" time="0.047" /><testcase classname="backend.tests.test_admin_panel.TestAdminPayments" name="test_admin_payments_failed_filter" time="0.048" /><testcase classname="backend.tests.test_admin_panel.TestAdminPayments" name="test_admin_payments_today_filter" time="0.058" /><testcase classname="backend.tests.test_admin_panel.TestAdminPayments" name="test_admin_payments_week_filter" time="0.049" /><testcase classname="backend.tests.test_admin_panel.TestAdminPayments" name="test_admin_payments_month_filter" time="0.049" /><testcase classname="backend.tests.test_admin_panel.TestAdminPayments" name="test_admin_payments_denies_non_admin" time="0.051" /><testcase classname="backend.tests.test_admin_panel.TestAdminChapters" name="test_admin_chapters_returns_22_chapters" time="0.054" /><testcase classname="backend.tests.test_admin_panel.TestAdminChapters" name="test_admin_update_chapter_content" time="0.124" /><testcase classname="backend.tests.test_admin_panel.TestAdminChapters" name="test_admin_update_chapter_invalid_number" time="0.055" /><testcase classname="backend.tests.test_admin_panel.TestAdminChapters" name="test_admin_chapters_denies_non_admin" time="0.049" /><testcase classname="backend.tests.test_admin_panel.TestAdminProductsSettings" name="test_admin_products_settings_returns_6_products" time="0.056" /><testcase classname="backend.tests.test_admin_panel.TestAdminProductsSettings" name="test_admin_update_product_pdf_url" time="0.122" /><testcase classname="backend.tests.test_admin_panel.TestAdminProductsSettings" name="test_admin_update_product_invalid_key" time="0.047" /><testcase classname="backend.tests.test_admin_panel.TestAdminProductsSettings" name="test_admin_products_settings_denies_non_admin" time="0.114" /><testcase classname="backend.tests.test_admin_panel.TestExistingFeaturesStillWork" name="test_dashboard_summary_works" time="0.058" /><testcase classname="backend.tests.test_admin_panel.TestExistingFeaturesStillWork" name="test_guide_chapters_works" time="0.064" /><testcase classname="backend.tests.test_admin_panel.TestExistingFeaturesStillWork" name="test_library_works" time="0.051" /></testsuite></testsuites>