<?xml version="1.0" encoding="utf-8"?><testsuites name="pytest tests"><testsuite name="pytest" errors="0" failures="0" skipped="0" tests="12" time="7.648" timestamp="2026-03-30T11:58:48.980407+00:00" hostname="agent-env-8331e9a9-23e3-4771-b508-a2cfbb8242f3"><testcase classname="tests.test_ai_chat.TestAIChatSend" name="test_send_message_requires_auth" time="0.169" /><testcase classname="tests.test_ai_chat.TestAIChatSend" name="test_send_empty_message_rejected" time="0.398" /><testcase classname="tests.test_ai_chat.TestAIChatSend" name="test_send_whitespace_only_message_rejected" time="0.047" /><testcase classname="tests.test_ai_chat.TestAIChatSend" name="test_send_message_over_500_chars_rejected" time="0.048" /><testcase classname="tests.test_ai_chat.TestAIChatSend" name="test_send_valid_message_returns_response" time="3.391" /><testcase classname="tests.test_ai_chat.TestAIChatHistory" name="test_get_history_requires_auth" time="0.105" /><testcase classname="tests.test_ai_chat.TestAIChatHistory" name="test_get_history_returns_messages" time="0.045" /><testcase classname="tests.test_ai_chat.TestAIChatHistory" name="test_history_returns_max_10_messages" time="0.044" /><testcase classname="tests.test_ai_chat.TestAIChatClear" name="test_clear_requires_auth" time="0.104" /><testcase classname="tests.test_ai_chat.TestAIChatClear" name="test_clear_chat_success" time="0.047" /><testcase classname="tests.test_ai_chat.TestAIChatClear" name="test_history_empty_after_clear" time="0.046" /><testcase classname="tests.test_ai_chat.TestAIChatIntegration" name="test_full_chat_flow" time="3.139" /></testsuite></testsuites>