<?xml version="1.0" encoding="utf-8"?><testsuites name="pytest tests"><testsuite name="pytest" errors="0" failures="0" skipped="0" tests="20" time="2.740" timestamp="2026-04-05T06:29:00.380092+00:00" hostname="agent-env-8331e9a9-23e3-4771-b508-a2cfbb8242f3"><testcase classname="backend.tests.test_settings.TestProfileSettings" name="test_update_profile_success" time="0.520" /><testcase classname="backend.tests.test_settings.TestProfileSettings" name="test_update_profile_empty_name_rejected" time="0.045" /><testcase classname="backend.tests.test_settings.TestProfileSettings" name="test_update_profile_whitespace_name_rejected" time="0.048" /><testcase classname="backend.tests.test_settings.TestProfileSettings" name="test_update_profile_requires_auth" time="0.043" /><testcase classname="backend.tests.test_settings.TestPasswordSettings" name="test_change_password_success" time="0.491" /><testcase classname="backend.tests.test_settings.TestPasswordSettings" name="test_change_password_wrong_current" time="0.274" /><testcase classname="backend.tests.test_settings.TestPasswordSettings" name="test_change_password_short_new_password" time="0.272" /><testcase classname="backend.tests.test_settings.TestPasswordSettings" name="test_change_password_requires_auth" time="0.043" /><testcase classname="backend.tests.test_settings.TestPreferencesSettings" name="test_get_preferences_default" time="0.048" /><testcase classname="backend.tests.test_settings.TestPreferencesSettings" name="test_update_preferences_success" time="0.096" /><testcase classname="backend.tests.test_settings.TestPreferencesSettings" name="test_preferences_requires_auth" time="0.044" /><testcase classname="backend.tests.test_settings.TestPurchasesSettings" name="test_get_purchases_empty_for_new_user" time="0.045" /><testcase classname="backend.tests.test_settings.TestPurchasesSettings" name="test_purchases_requires_auth" time="0.045" /><testcase classname="backend.tests.test_settings.TestDeleteAccount" name="test_delete_account_wrong_confirmation" time="0.049" /><testcase classname="backend.tests.test_settings.TestDeleteAccount" name="test_delete_account_empty_confirmation" time="0.042" /><testcase classname="backend.tests.test_settings.TestDeleteAccount" name="test_delete_account_requires_auth" time="0.044" /><testcase classname="backend.tests.test_settings.TestDeleteAccountSuccess" name="test_delete_account_success" time="0.363" /><testcase classname="backend.tests.test_settings.TestExistingEndpoints" name="test_dashboard_summary_works" time="0.049" /><testcase classname="backend.tests.test_settings.TestExistingEndpoints" name="test_guide_chapters_works" time="0.048" /><testcase classname="backend.tests.test_settings.TestExistingEndpoints" name="test_library_works" time="0.047" /></testsuite></testsuites>